INFO:root:Request made to https://wiki.python.org/moin/ConfigParserExamples completed in 0:00:02.464000 time - 'Basic configparser usage' was found
INFO:requests.packages.urllib3.connectionpool:Starting new HTTPS connection (1): docs.python.org
INFO:root:Request made to https://docs.python.org/release/1.5.1p1/tut/strings.html completed in 0:00:02.529000 time - '3.1.3 Strings' was not found
INFO:requests.packages.urllib3.connectionpool:Starting new HTTPS connection (1): docs.python.org
ERROR:root:Request made to https://docs.python.org/release/1.5.1p1/tut/module.html failed with error code - 404
INFO:requests.packages.urllib3.connectionpool:Starting new HTTP connection (1): domaindoesnoexit.qa
ERROR:root:Request made to http://domaindoesnoexit.qa/foobar failed - Connection Error
INFO:requests.packages.urllib3.connectionpool:Starting new HTTPS connection (1): wiki.python.org
INFO:root:Request made to https://wiki.python.org/moin/ConfigParserExamples completed in 0:00:01.291000 time - 'Basic configparser usage' was found
INFO:requests.packages.urllib3.connectionpool:Starting new HTTPS connection (1): docs.python.org
INFO:root:Request made to https://wiki.python.org/moin/ConfigParserExamples completed in 0:00:02.466000 time - 'Basic configparser usage' was found
INFO:requests.packages.urllib3.connectionpool:Starting new HTTPS connection (1): docs.python.org
INFO:root:Request made to https://docs.python.org/release/1.5.1p1/tut/strings.html completed in 0:00:01.710000 time - '3.1.3 Strings' was not found
INFO:requests.packages.urllib3.connectionpool:Starting new HTTPS connection (1): docs.python.org
INFO:root:Request made to https://docs.python.org/release/1.5.1p1/tut/strings.html completed in 0:00:01.485000 time - '3.1.3 Strings' was not found
INFO:requests.packages.urllib3.connectionpool:Starting new HTTPS connection (1): docs.python.org
ERROR:root:Request made to https://docs.python.org/release/1.5.1p1/tut/module.html failed with error code - 404
INFO:requests.packages.urllib3.connectionpool:Starting new HTTP connection (1): domaindoesnoexit.qa
ERROR:root:Request made to http://domaindoesnoexit.qa/foobar failed - Connection Error
ERROR:root:Request made to https://docs.python.org/release/1.5.1p1/tut/module.html failed with error code - 404
INFO:requests.packages.urllib3.connectionpool:Starting new HTTP connection (1): domaindoesnoexit.qa
ERROR:root:Request made to http://domaindoesnoexit.qa/foobar failed - Connection Error
INFO:root:Checking for https://wiki.python.org/moin/ConfigParserExamples
INFO:requests.packages.urllib3.connectionpool:Starting new HTTPS connection (1): wiki.python.org
INFO:root:Request made to https://wiki.python.org/moin/ConfigParserExamples completed in 0:00:02.448000 time - 'Basic configparser usage' was found
INFO:root:Checking for https://docs.python.org/release/1.5.1p1/tut/strings.html
INFO:requests.packages.urllib3.connectionpool:Starting new HTTPS connection (1): docs.python.org
INFO:root:Request made to https://docs.python.org/release/1.5.1p1/tut/strings.html completed in 0:00:01.694000 time - '3.1.3 Strings' was not found
INFO:root:Checking for https://docs.python.org/release/1.5.1p1/tut/module.html
INFO:requests.packages.urllib3.connectionpool:Starting new HTTPS connection (1): docs.python.org
ERROR:root:Request made to https://docs.python.org/release/1.5.1p1/tut/module.html failed with error code - 404
INFO:root:Checking for http://domaindoesnoexit.qa/foobar
INFO:requests.packages.urllib3.connectionpool:Starting new HTTP connection (1): domaindoesnoexit.qa
ERROR:root:Request made to http://domaindoesnoexit.qa/foobar failed - Connection Error
INFO:requests.packages.urllib3.connectionpool:Starting new HTTPS connection (1): wiki.python.org
INFO:requests.packages.urllib3.connectionpool:Starting new HTTPS connection (1): wiki.python.org
INFO:root:Request made to https://wiki.python.org/moin/ConfigParserExamples completed in 0:00:01.301000 time - 'Basic configparser usage' was found
INFO:requests.packages.urllib3.connectionpool:Starting new HTTPS connection (1): docs.python.org
INFO:root:Request made to https://wiki.python.org/moin/ConfigParserExamples completed in 0:00:01.308000 time - 'Basic configparser usage' was found
INFO:requests.packages.urllib3.connectionpool:Starting new HTTPS connection (1): docs.python.org
INFO:root:Request made to https://docs.python.org/release/1.5.1p1/tut/strings.html completed in 0:00:01.709000 time - '3.1.3 Strings' was not found
INFO:requests.packages.urllib3.connectionpool:Starting new HTTPS connection (1): docs.python.org
INFO:root:Request made to https://docs.python.org/release/1.5.1p1/tut/strings.html completed in 0:00:01.577000 time - '3.1.3 Strings' was not found
INFO:requests.packages.urllib3.connectionpool:Starting new HTTPS connection (1): docs.python.org
ERROR:root:Request made to https://docs.python.org/release/1.5.1p1/tut/module.html failed with error code - 404
INFO:requests.packages.urllib3.connectionpool:Starting new HTTP connection (1): domaindoesnoexit.qa
ERROR:root:Request made to http://domaindoesnoexit.qa/foobar failed - Connection Error
ERROR:root:Request made to https://docs.python.org/release/1.5.1p1/tut/module.html failed with error code - 404
INFO:requests.packages.urllib3.connectionpool:Starting new HTTP connection (1): domaindoesnoexit.qa
ERROR:root:Request made to http://domaindoesnoexit.qa/foobar failed - Connection Error
INFO:root:Hey this is nothing
DEBUG:root:Hey this is nothing
INFO:root:Checking for https://wiki.python.org/moin/ConfigParserExamples
INFO:requests.packages.urllib3.connectionpool:Starting new HTTPS connection (1): wiki.python.org
INFO:root:Request made to https://wiki.python.org/moin/ConfigParserExamples completed in 0:00:01.273000 time - 'Basic configparser usage' was found
INFO:root:Checking for https://docs.python.org/release/1.5.1p1/tut/strings.html
INFO:requests.packages.urllib3.connectionpool:Starting new HTTPS connection (1): docs.python.org
INFO:root:Request made to https://docs.python.org/release/1.5.1p1/tut/strings.html completed in 0:00:01.748000 time - '3.1.3 Strings' was not found
INFO:root:Checking for https://docs.python.org/release/1.5.1p1/tut/module.html
INFO:requests.packages.urllib3.connectionpool:Starting new HTTPS connection (1): docs.python.org
ERROR:root:Request made to https://docs.python.org/release/1.5.1p1/tut/module.html failed with error code - 404
INFO:root:Checking for http://domaindoesnoexit.qa/foobar
INFO:requests.packages.urllib3.connectionpool:Starting new HTTP connection (1): domaindoesnoexit.qa
ERROR:root:Request made to http://domaindoesnoexit.qa/foobar failed - Connection Error
INFO:requests.packages.urllib3.connectionpool:Starting new HTTPS connection (1): wiki.python.org
INFO:requests.packages.urllib3.connectionpool:Starting new HTTPS connection (1): wiki.python.org
INFO:root:Request made to https://wiki.python.org/moin/ConfigParserExamples completed in 0:00:01.345000 time - 'Basic configparser usage' was found
INFO:requests.packages.urllib3.connectionpool:Starting new HTTPS connection (1): docs.python.org
INFO:root:Request made to https://wiki.python.org/moin/ConfigParserExamples completed in 0:00:02.163000 time - 'Basic configparser usage' was found
INFO:requests.packages.urllib3.connectionpool:Starting new HTTPS connection (1): docs.python.org
INFO:root:Request made to https://docs.python.org/release/1.5.1p1/tut/strings.html completed in 0:00:01.804000 time - '3.1.3 Strings' was not found
INFO:requests.packages.urllib3.connectionpool:Starting new HTTPS connection (1): docs.python.org
INFO:root:Request made to https://docs.python.org/release/1.5.1p1/tut/strings.html completed in 0:00:01.511000 time - '3.1.3 Strings' was not found
INFO:requests.packages.urllib3.connectionpool:Starting new HTTPS connection (1): docs.python.org
ERROR:root:Request made to https://docs.python.org/release/1.5.1p1/tut/module.html failed with error code - 404
INFO:requests.packages.urllib3.connectionpool:Starting new HTTP connection (1): domaindoesnoexit.qa
ERROR:root:Request made to http://domaindoesnoexit.qa/foobar failed - Connection Error
ERROR:root:Request made to https://docs.python.org/release/1.5.1p1/tut/module.html failed with error code - 404
INFO:requests.packages.urllib3.connectionpool:Starting new HTTP connection (1): domaindoesnoexit.qa
ERROR:root:Request made to http://domaindoesnoexit.qa/foobar failed - Connection Error
INFO:root:Checking for https://wiki.python.org/moin/ConfigParserExamples
INFO:requests.packages.urllib3.connectionpool:Starting new HTTPS connection (1): wiki.python.org
INFO:root:Request made to https://wiki.python.org/moin/ConfigParserExamples completed in 0:00:02.381000 time - 'Basic configparser usage' was found
INFO:root:Checking for https://docs.python.org/release/1.5.1p1/tut/strings.html
INFO:requests.packages.urllib3.connectionpool:Starting new HTTPS connection (1): docs.python.org
INFO:root:Request made to https://docs.python.org/release/1.5.1p1/tut/strings.html completed in 0:00:01.705000 time - '3.1.3 Strings' was not found
INFO:root:Checking for https://docs.python.org/release/1.5.1p1/tut/module.html
INFO:requests.packages.urllib3.connectionpool:Starting new HTTPS connection (1): docs.python.org
ERROR:root:Request made to https://docs.python.org/release/1.5.1p1/tut/module.html failed with error code - 404
INFO:root:Checking for http://domaindoesnoexit.qa/foobar
INFO:requests.packages.urllib3.connectionpool:Starting new HTTP connection (1): domaindoesnoexit.qa
ERROR:root:Request made to http://domaindoesnoexit.qa/foobar failed - Connection Error
INFO:requests.packages.urllib3.connectionpool:Starting new HTTPS connection (1): wiki.python.org
INFO:requests.packages.urllib3.connectionpool:Starting new HTTPS connection (1): wiki.python.org
INFO:root:Request made to https://wiki.python.org/moin/ConfigParserExamples completed in 0:00:01.539000 time - 'Basic configparser usage' was found
INFO:requests.packages.urllib3.connectionpool:Starting new HTTPS connection (1): docs.python.org
INFO:root:Request made to https://wiki.python.org/moin/ConfigParserExamples completed in 0:00:01.286000 time - 'Basic configparser usage' was found
INFO:requests.packages.urllib3.connectionpool:Starting new HTTPS connection (1): docs.python.org
INFO:root:Request made to https://docs.python.org/release/1.5.1p1/tut/strings.html completed in 0:00:01.695000 time - '3.1.3 Strings' was not found
INFO:requests.packages.urllib3.connectionpool:Starting new HTTPS connection (1): docs.python.org
INFO:root:Request made to https://docs.python.org/release/1.5.1p1/tut/strings.html completed in 0:00:01.491000 time - '3.1.3 Strings' was not found
INFO:requests.packages.urllib3.connectionpool:Starting new HTTPS connection (1): docs.python.org
ERROR:root:Request made to https://docs.python.org/release/1.5.1p1/tut/module.html failed with error code - 404
INFO:requests.packages.urllib3.connectionpool:Starting new HTTP connection (1): domaindoesnoexit.qa
ERROR:root:Request made to http://domaindoesnoexit.qa/foobar failed - Connection Error
ERROR:root:Request made to https://docs.python.org/release/1.5.1p1/tut/module.html failed with error code - 404
INFO:requests.packages.urllib3.connectionpool:Starting new HTTP connection (1): domaindoesnoexit.qa
ERROR:root:Request made to http://domaindoesnoexit.qa/foobar failed - Connection Error
DEBUG:root:Hey this is nothing
INFO:root:Checking for https://wiki.python.org/moin/ConfigParserExamples
INFO:requests.packages.urllib3.connectionpool:Starting new HTTPS connection (1): wiki.python.org
INFO:root:Request made to https://wiki.python.org/moin/ConfigParserExamples completed in 0:00:01.307000 time - 'Basic configparser usage' was found
INFO:root:Checking for https://docs.python.org/release/1.5.1p1/tut/strings.html
INFO:requests.packages.urllib3.connectionpool:Starting new HTTPS connection (1): docs.python.org
INFO:root:Request made to https://docs.python.org/release/1.5.1p1/tut/strings.html completed in 0:00:01.825000 time - '3.1.3 Strings' was not found
INFO:root:Checking for https://docs.python.org/release/1.5.1p1/tut/module.html
INFO:requests.packages.urllib3.connectionpool:Starting new HTTPS connection (1): docs.python.org
ERROR:root:Request made to https://docs.python.org/release/1.5.1p1/tut/module.html failed with error code - 404
INFO:root:Checking for http://domaindoesnoexit.qa/foobar
INFO:requests.packages.urllib3.connectionpool:Starting new HTTP connection (1): domaindoesnoexit.qa
ERROR:root:Request made to http://domaindoesnoexit.qa/foobar failed - Connection Error
INFO:requests.packages.urllib3.connectionpool:Starting new HTTPS connection (1): wiki.python.org
INFO:requests.packages.urllib3.connectionpool:Starting new HTTPS connection (1): wiki.python.org
INFO:root:Request made to https://wiki.python.org/moin/ConfigParserExamples completed in 0:00:01.285000 time - 'Basic configparser usage' was found
INFO:requests.packages.urllib3.connectionpool:Starting new HTTPS connection (1): docs.python.org
INFO:root:Request made to https://wiki.python.org/moin/ConfigParserExamples completed in 0:00:01.354000 time - 'Basic configparser usage' was found
INFO:requests.packages.urllib3.connectionpool:Starting new HTTPS connection (1): docs.python.org
INFO:root:Request made to https://docs.python.org/release/1.5.1p1/tut/strings.html completed in 0:00:01.740000 time - '3.1.3 Strings' was not found
INFO:root:Request made to https://docs.python.org/release/1.5.1p1/tut/strings.html completed in 0:00:01.656000 time - '3.1.3 Strings' was not found
INFO:requests.packages.urllib3.connectionpool:Starting new HTTPS connection (1): docs.python.org
INFO:requests.packages.urllib3.connectionpool:Starting new HTTPS connection (1): docs.python.org
ERROR:root:Request made to https://docs.python.org/release/1.5.1p1/tut/module.html failed with error code - 404
INFO:requests.packages.urllib3.connectionpool:Starting new HTTP connection (1): domaindoesnoexit.qa
INFO:requests.packages.urllib3.connectionpool:Starting new HTTP connection (1): domaindoesnoexit.qa
ERROR:root:Request made to http://domaindoesnoexit.qa/foobar failed - Connection Error
ERROR:root:Request made to http://domaindoesnoexit.qa/foobar failed - Connection Error
2016-10-02 19:13:13,288 - webmonitor - DEBUG - Hey this is nothing
2016-10-02 19:13:51,155 - webmonitor - DEBUG - Hey this is nothing
2016-10-02 19:14:03,937 - webmonitor - INFO - Checking for https://wiki.python.org/moin/ConfigParserExamples
2016-10-02 19:14:06,473 - webmonitor - INFO - Request made to https://wiki.python.org/moin/ConfigParserExamples completed in 0:00:02.503000 time - 'Basic configparser usage' was found
2016-10-02 19:14:06,473 - webmonitor - INFO - Request made to https://wiki.python.org/moin/ConfigParserExamples completed in 0:00:02.503000 time - 'Basic configparser usage' was found
2016-10-02 19:14:06,473 - webmonitor - INFO - Checking for https://docs.python.org/release/1.5.1p1/tut/strings.html
2016-10-02 19:14:06,473 - webmonitor - INFO - Checking for https://docs.python.org/release/1.5.1p1/tut/strings.html
2016-10-02 19:14:06,473 - webmonitor - INFO - Checking for https://docs.python.org/release/1.5.1p1/tut/strings.html
2016-10-02 19:14:08,190 - webmonitor - INFO - Request made to https://docs.python.org/release/1.5.1p1/tut/strings.html completed in 0:00:01.701000 time - '3.1.3 Strings' was not found
2016-10-02 19:14:08,190 - webmonitor - INFO - Request made to https://docs.python.org/release/1.5.1p1/tut/strings.html completed in 0:00:01.701000 time - '3.1.3 Strings' was not found
2016-10-02 19:14:08,190 - webmonitor - INFO - Request made to https://docs.python.org/release/1.5.1p1/tut/strings.html completed in 0:00:01.701000 time - '3.1.3 Strings' was not found
2016-10-02 19:14:08,190 - webmonitor - INFO - Request made to https://docs.python.org/release/1.5.1p1/tut/strings.html completed in 0:00:01.701000 time - '3.1.3 Strings' was not found
2016-10-02 19:14:08,190 - webmonitor - INFO - Checking for https://docs.python.org/release/1.5.1p1/tut/module.html
2016-10-02 19:14:08,190 - webmonitor - INFO - Checking for https://docs.python.org/release/1.5.1p1/tut/module.html
2016-10-02 19:14:08,190 - webmonitor - INFO - Checking for https://docs.python.org/release/1.5.1p1/tut/module.html
2016-10-02 19:14:08,190 - webmonitor - INFO - Checking for https://docs.python.org/release/1.5.1p1/tut/module.html
2016-10-02 19:14:08,190 - webmonitor - INFO - Checking for https://docs.python.org/release/1.5.1p1/tut/module.html
2016-10-02 19:14:09,674 - webmonitor - ERROR - Request made to https://docs.python.org/release/1.5.1p1/tut/module.html failed with error code - 404
2016-10-02 19:14:09,674 - webmonitor - ERROR - Request made to https://docs.python.org/release/1.5.1p1/tut/module.html failed with error code - 404
2016-10-02 19:14:09,674 - webmonitor - ERROR - Request made to https://docs.python.org/release/1.5.1p1/tut/module.html failed with error code - 404
2016-10-02 19:14:09,674 - webmonitor - ERROR - Request made to https://docs.python.org/release/1.5.1p1/tut/module.html failed with error code - 404
2016-10-02 19:14:09,674 - webmonitor - ERROR - Request made to https://docs.python.org/release/1.5.1p1/tut/module.html failed with error code - 404
2016-10-02 19:14:09,674 - webmonitor - ERROR - Request made to https://docs.python.org/release/1.5.1p1/tut/module.html failed with error code - 404
2016-10-02 19:14:09,690 - webmonitor - INFO - Checking for http://domaindoesnoexit.qa/foobar
2016-10-02 19:14:09,690 - webmonitor - INFO - Checking for http://domaindoesnoexit.qa/foobar
2016-10-02 19:14:09,690 - webmonitor - INFO - Checking for http://domaindoesnoexit.qa/foobar
2016-10-02 19:14:09,690 - webmonitor - INFO - Checking for http://domaindoesnoexit.qa/foobar
2016-10-02 19:14:09,690 - webmonitor - INFO - Checking for http://domaindoesnoexit.qa/foobar
2016-10-02 19:14:09,690 - webmonitor - INFO - Checking for http://domaindoesnoexit.qa/foobar
2016-10-02 19:14:09,690 - webmonitor - INFO - Checking for http://domaindoesnoexit.qa/foobar
2016-10-02 19:14:09,690 - webmonitor - ERROR - Request made to http://domaindoesnoexit.qa/foobar failed - Connection Error
2016-10-02 19:14:09,690 - webmonitor - ERROR - Request made to http://domaindoesnoexit.qa/foobar failed - Connection Error
2016-10-02 19:14:09,690 - webmonitor - ERROR - Request made to http://domaindoesnoexit.qa/foobar failed - Connection Error
2016-10-02 19:14:09,690 - webmonitor - ERROR - Request made to http://domaindoesnoexit.qa/foobar failed - Connection Error
2016-10-02 19:14:09,690 - webmonitor - ERROR - Request made to http://domaindoesnoexit.qa/foobar failed - Connection Error
2016-10-02 19:14:09,690 - webmonitor - ERROR - Request made to http://domaindoesnoexit.qa/foobar failed - Connection Error
2016-10-02 19:14:09,690 - webmonitor - ERROR - Request made to http://domaindoesnoexit.qa/foobar failed - Connection Error
2016-10-02 19:14:09,690 - webmonitor - ERROR - Request made to http://domaindoesnoexit.qa/foobar failed - Connection Error
2016-10-02 19:18:51,700 - webmonitor - INFO - Checking for https://wiki.python.org/moin/ConfigParserExamples
2016-10-02 19:18:54,220 - webmonitor - INFO - Request made to https://wiki.python.org/moin/ConfigParserExamples completed in 0:00:02.488000 time - 'Basic configparser usage' was found
2016-10-02 19:18:54,220 - webmonitor - INFO - Checking for https://docs.python.org/release/1.5.1p1/tut/strings.html
2016-10-02 19:18:55,923 - webmonitor - INFO - Request made to https://docs.python.org/release/1.5.1p1/tut/strings.html completed in 0:00:01.702000 time - '3.1.3 Strings' was not found
2016-10-02 19:18:55,923 - webmonitor - INFO - Checking for https://docs.python.org/release/1.5.1p1/tut/module.html
2016-10-02 19:18:57,523 - webmonitor - ERROR - Request made to https://docs.python.org/release/1.5.1p1/tut/module.html failed with error code - 404
2016-10-02 19:18:57,523 - webmonitor - INFO - Checking for http://domaindoesnoexit.qa/foobar
2016-10-02 19:18:57,539 - webmonitor - ERROR - Request made to http://domaindoesnoexit.qa/foobar failed - Connection Error
2016-10-02 19:20:58,374 - webmonitor - INFO - Checking for https://wiki.python.org/moin/ConfigParserExamples
2016-10-02 19:21:00,848 - webmonitor - INFO - Request made to https://wiki.python.org/moin/ConfigParserExamples completed in 0:00:02.451000 time - 'Basic configparser usage' was found
2016-10-02 19:21:00,862 - webmonitor - INFO - Checking for https://docs.python.org/release/1.5.1p1/tut/strings.html
2016-10-02 19:21:02,565 - webmonitor - INFO - Request made to https://docs.python.org/release/1.5.1p1/tut/strings.html completed in 0:00:01.686000 time - '3.1.3 Strings' was not found
2016-10-02 19:21:02,565 - webmonitor - INFO - Checking for https://docs.python.org/release/1.5.1p1/tut/module.html
2016-10-02 19:21:04,052 - webmonitor - ERROR - Request made to https://docs.python.org/release/1.5.1p1/tut/module.html failed with error code - 404
2016-10-02 19:21:04,052 - webmonitor - INFO - Checking for http://domaindoesnoexit.qa/foobar
2016-10-02 19:21:04,052 - webmonitor - ERROR - Request made to http://domaindoesnoexit.qa/foobar failed - Connection Error
2016-10-02 19:34:38,872 - webmonitor - INFO - Checking for https://wiki.python.org/moin/ConfigParserExamples
2016-10-02 19:34:41,407 - webmonitor - INFO - Request made to https://wiki.python.org/moin/ConfigParserExamples completed in 0:00:02.512000 time - 'Basic configparser usage' was found
2016-10-02 19:34:41,407 - webmonitor - INFO - Checking for https://docs.python.org/release/1.5.1p1/tut/strings.html
2016-10-02 19:34:42,946 - webmonitor - ERROR - Request made to https://docs.python.org/release/1.5.1p1/tut/strings.html completed in 0:00:01.507000 time - '3.1.3 Strings' was *not* found
2016-10-02 19:34:42,946 - webmonitor - INFO - Checking for https://docs.python.org/release/1.5.1p1/tut/module.html
2016-10-02 19:34:44,494 - webmonitor - ERROR - Request made to https://docs.python.org/release/1.5.1p1/tut/module.html failed with error code - 404
2016-10-02 19:34:44,494 - webmonitor - INFO - Checking for http://domaindoesnoexit.qa/foobar
2016-10-02 19:34:44,809 - webmonitor - ERROR - Request made to http://domaindoesnoexit.qa/foobar failed - Connection Error
2016-10-02 19:35:02,111 - webmonitor - INFO - Checking for https://wiki.python.org/moin/ConfigParserExamples
2016-10-02 19:35:03,546 - webmonitor - ERROR - Request made to https://wiki.python.org/moin/ConfigParserExamples failed - Connection Error
2016-10-02 19:35:03,546 - webmonitor - INFO - Checking for https://docs.python.org/release/1.5.1p1/tut/strings.html
2016-10-02 19:35:03,900 - webmonitor - ERROR - Request made to https://docs.python.org/release/1.5.1p1/tut/strings.html failed - Connection Error
2016-10-02 19:35:03,900 - webmonitor - INFO - Checking for https://docs.python.org/release/1.5.1p1/tut/module.html
2016-10-02 19:35:04,269 - webmonitor - ERROR - Request made to https://docs.python.org/release/1.5.1p1/tut/module.html failed - Connection Error
2016-10-02 19:35:04,269 - webmonitor - INFO - Checking for http://domaindoesnoexit.qa/foobar
2016-10-02 19:35:04,269 - webmonitor - ERROR - Request made to http://domaindoesnoexit.qa/foobar failed - Connection Error
2016-10-02 19:37:23,529 - webmonitor - INFO - Checking for https://wiki.python.org/moin/ConfigParserExamples
2016-10-02 19:37:25,963 - webmonitor - INFO - Request made to https://wiki.python.org/moin/ConfigParserExamples completed in 0:00:02.418000 time - 'Basic configparser usage' was found
2016-10-02 19:37:25,963 - webmonitor - INFO - Checking for https://docs.python.org/release/1.5.1p1/tut/strings.html
2016-10-02 19:37:27,466 - webmonitor - ERROR - Request made to https://docs.python.org/release/1.5.1p1/tut/strings.html completed in 0:00:01.468000 time - '3.1.3 Strings' was *not* found
2016-10-02 19:37:27,466 - webmonitor - INFO - Checking for https://docs.python.org/release/1.5.1p1/tut/module.html
2016-10-02 19:37:28,950 - webmonitor - ERROR - Request made to https://docs.python.org/release/1.5.1p1/tut/module.html failed with error code - 404
2016-10-02 19:37:28,950 - webmonitor - INFO - Checking for http://domaindoesnoexit.qa/foobar
2016-10-02 19:37:28,950 - webmonitor - ERROR - Request made to http://domaindoesnoexit.qa/foobar failed - Connection Error
2016-10-02 19:38:23,456 - webmonitor - INFO - Checking for https://wiki.python.org/moin/ConfigParserExamples
2016-10-02 19:38:25,992 - webmonitor - INFO - Request made to https://wiki.python.org/moin/ConfigParserExamples completed in 0:00:02.520000 time - 'Basic configparser usage' was found
2016-10-02 19:38:25,992 - webmonitor - INFO - Checking for https://docs.python.org/release/1.5.1p1/tut/strings.html
2016-10-02 19:38:27,525 - webmonitor - ERROR - Request made to https://docs.python.org/release/1.5.1p1/tut/strings.html completed in 0:00:01.501000 time - '3.1.3 Strings' was *not* found
2016-10-02 19:38:27,525 - webmonitor - INFO - Checking for https://docs.python.org/release/1.5.1p1/tut/module.html
2016-10-02 19:38:29,079 - webmonitor - ERROR - Request made to https://docs.python.org/release/1.5.1p1/tut/module.html failed with error code - 404
2016-10-02 19:38:29,079 - webmonitor - INFO - Checking for http://domaindoesnoexit.qa/foobar
2016-10-02 19:38:29,095 - webmonitor - ERROR - Request made to http://domaindoesnoexit.qa/foobar failed - Connection Error
2016-10-02 19:39:29,095 - webmonitor - INFO - Checking for https://wiki.python.org/moin/ConfigParserExamples
2016-10-02 19:39:30,380 - webmonitor - INFO - Request made to https://wiki.python.org/moin/ConfigParserExamples completed in 0:00:01.284000 time - 'Basic configparser usage' was found
2016-10-02 19:39:30,380 - webmonitor - INFO - Checking for https://docs.python.org/release/1.5.1p1/tut/strings.html
2016-10-02 19:39:31,913 - webmonitor - ERROR - Request made to https://docs.python.org/release/1.5.1p1/tut/strings.html completed in 0:00:01.501000 time - '3.1.3 Strings' was *not* found
2016-10-02 19:39:31,913 - webmonitor - INFO - Checking for https://docs.python.org/release/1.5.1p1/tut/module.html
2016-10-02 19:39:33,381 - webmonitor - ERROR - Request made to https://docs.python.org/release/1.5.1p1/tut/module.html failed with error code - 404
2016-10-02 19:39:33,381 - webmonitor - INFO - Checking for http://domaindoesnoexit.qa/foobar
2016-10-02 19:39:33,381 - webmonitor - ERROR - Request made to http://domaindoesnoexit.qa/foobar failed - Connection Error
2016-10-02 19:40:33,382 - webmonitor - INFO - Checking for https://wiki.python.org/moin/ConfigParserExamples
2016-10-02 19:40:34,657 - webmonitor - INFO - Request made to https://wiki.python.org/moin/ConfigParserExamples completed in 0:00:01.269000 time - 'Basic configparser usage' was found
2016-10-02 19:40:34,657 - webmonitor - INFO - Checking for https://docs.python.org/release/1.5.1p1/tut/strings.html
2016-10-02 19:40:36,167 - webmonitor - ERROR - Request made to https://docs.python.org/release/1.5.1p1/tut/strings.html completed in 0:00:01.510000 time - '3.1.3 Strings' was *not* found
2016-10-02 19:40:36,183 - webmonitor - INFO - Checking for https://docs.python.org/release/1.5.1p1/tut/module.html
2016-10-02 19:40:37,677 - webmonitor - ERROR - Request made to https://docs.python.org/release/1.5.1p1/tut/module.html failed with error code - 404
2016-10-02 19:40:37,677 - webmonitor - INFO - Checking for http://domaindoesnoexit.qa/foobar
2016-10-02 19:40:37,686 - webmonitor - ERROR - Request made to http://domaindoesnoexit.qa/foobar failed - Connection Error
2016-10-02 19:41:37,687 - webmonitor - INFO - Checking for https://wiki.python.org/moin/ConfigParserExamples
2016-10-02 19:41:39,203 - webmonitor - INFO - Request made to https://wiki.python.org/moin/ConfigParserExamples completed in 0:00:01.497000 time - 'Basic configparser usage' was found
2016-10-02 19:41:39,203 - webmonitor - INFO - Checking for https://docs.python.org/release/1.5.1p1/tut/strings.html
2016-10-02 19:41:41,036 - webmonitor - ERROR - Request made to https://docs.python.org/release/1.5.1p1/tut/strings.html completed in 0:00:01.822000 time - '3.1.3 Strings' was *not* found
2016-10-02 19:41:41,036 - webmonitor - INFO - Checking for https://docs.python.org/release/1.5.1p1/tut/module.html
2016-10-02 19:41:42,611 - webmonitor - ERROR - Request made to https://docs.python.org/release/1.5.1p1/tut/module.html failed with error code - 404
2016-10-02 19:41:42,611 - webmonitor - INFO - Checking for http://domaindoesnoexit.qa/foobar
2016-10-02 19:41:42,617 - webmonitor - ERROR - Request made to http://domaindoesnoexit.qa/foobar failed - Connection Error
2016-10-02 19:42:42,618 - webmonitor - INFO - Checking for https://wiki.python.org/moin/ConfigParserExamples
2016-10-02 19:42:43,933 - webmonitor - INFO - Request made to https://wiki.python.org/moin/ConfigParserExamples completed in 0:00:01.301000 time - 'Basic configparser usage' was found
2016-10-02 19:42:43,933 - webmonitor - INFO - Checking for https://docs.python.org/release/1.5.1p1/tut/strings.html
2016-10-02 19:42:45,678 - webmonitor - ERROR - Request made to https://docs.python.org/release/1.5.1p1/tut/strings.html completed in 0:00:01.734000 time - '3.1.3 Strings' was *not* found
2016-10-02 19:42:45,678 - webmonitor - INFO - Checking for https://docs.python.org/release/1.5.1p1/tut/module.html
2016-10-02 19:42:47,265 - webmonitor - ERROR - Request made to https://docs.python.org/release/1.5.1p1/tut/module.html failed with error code - 404
2016-10-02 19:42:47,266 - webmonitor - INFO - Checking for http://domaindoesnoexit.qa/foobar
2016-10-02 19:42:47,275 - webmonitor - ERROR - Request made to http://domaindoesnoexit.qa/foobar failed - Connection Error
2016-10-02 19:43:47,276 - webmonitor - INFO - Checking for https://wiki.python.org/moin/ConfigParserExamples
2016-10-02 19:43:48,753 - webmonitor - INFO - Request made to https://wiki.python.org/moin/ConfigParserExamples completed in 0:00:01.463000 time - 'Basic configparser usage' was found
2016-10-02 19:43:48,753 - webmonitor - INFO - Checking for https://docs.python.org/release/1.5.1p1/tut/strings.html
2016-10-02 19:43:50,282 - webmonitor - ERROR - Request made to https://docs.python.org/release/1.5.1p1/tut/strings.html completed in 0:00:01.518000 time - '3.1.3 Strings' was *not* found
2016-10-02 19:43:50,282 - webmonitor - INFO - Checking for https://docs.python.org/release/1.5.1p1/tut/module.html
2016-10-02 19:43:51,795 - webmonitor - ERROR - Request made to https://docs.python.org/release/1.5.1p1/tut/module.html failed with error code - 404
2016-10-02 19:43:51,795 - webmonitor - INFO - Checking for http://domaindoesnoexit.qa/foobar
2016-10-02 19:43:51,802 - webmonitor - ERROR - Request made to http://domaindoesnoexit.qa/foobar failed - Connection Error
2016-10-02 19:44:51,805 - webmonitor - INFO - Checking for https://wiki.python.org/moin/ConfigParserExamples
2016-10-02 19:44:53,084 - webmonitor - INFO - Request made to https://wiki.python.org/moin/ConfigParserExamples completed in 0:00:01.264000 time - 'Basic configparser usage' was found
2016-10-02 19:44:53,084 - webmonitor - INFO - Checking for https://docs.python.org/release/1.5.1p1/tut/strings.html
2016-10-02 19:44:54,858 - webmonitor - ERROR - Request made to https://docs.python.org/release/1.5.1p1/tut/strings.html completed in 0:00:01.771000 time - '3.1.3 Strings' was *not* found
2016-10-02 19:44:54,858 - webmonitor - INFO - Checking for https://docs.python.org/release/1.5.1p1/tut/module.html
2016-10-02 19:44:56,355 - webmonitor - ERROR - Request made to https://docs.python.org/release/1.5.1p1/tut/module.html failed with error code - 404
2016-10-02 19:44:56,355 - webmonitor - INFO - Checking for http://domaindoesnoexit.qa/foobar
2016-10-02 19:44:56,372 - webmonitor - ERROR - Request made to http://domaindoesnoexit.qa/foobar failed - Connection Error
2016-10-02 19:45:56,384 - webmonitor - INFO - Checking for https://wiki.python.org/moin/ConfigParserExamples
2016-10-02 19:45:57,878 - webmonitor - INFO - Request made to https://wiki.python.org/moin/ConfigParserExamples completed in 0:00:01.494000 time - 'Basic configparser usage' was found
2016-10-02 19:45:57,878 - webmonitor - INFO - Checking for https://docs.python.org/release/1.5.1p1/tut/strings.html
2016-10-02 19:45:59,612 - webmonitor - ERROR - Request made to https://docs.python.org/release/1.5.1p1/tut/strings.html completed in 0:00:01.734000 time - '3.1.3 Strings' was *not* found
2016-10-02 19:45:59,612 - webmonitor - INFO - Checking for https://docs.python.org/release/1.5.1p1/tut/module.html
2016-10-02 19:46:01,160 - webmonitor - ERROR - Request made to https://docs.python.org/release/1.5.1p1/tut/module.html failed with error code - 404
2016-10-02 19:46:01,160 - webmonitor - INFO - Checking for http://domaindoesnoexit.qa/foobar
2016-10-02 19:46:01,164 - webmonitor - ERROR - Request made to http://domaindoesnoexit.qa/foobar failed - Connection Error
2016-10-02 19:47:01,165 - webmonitor - INFO - Checking for https://wiki.python.org/moin/ConfigParserExamples
2016-10-02 19:47:02,563 - webmonitor - INFO - Request made to https://wiki.python.org/moin/ConfigParserExamples completed in 0:00:01.381000 time - 'Basic configparser usage' was found
2016-10-02 19:47:02,565 - webmonitor - INFO - Checking for https://docs.python.org/release/1.5.1p1/tut/strings.html
2016-10-02 19:47:04,318 - webmonitor - ERROR - Request made to https://docs.python.org/release/1.5.1p1/tut/strings.html completed in 0:00:01.732000 time - '3.1.3 Strings' was *not* found
2016-10-02 19:47:04,318 - webmonitor - INFO - Checking for https://docs.python.org/release/1.5.1p1/tut/module.html
2016-10-02 19:47:05,819 - webmonitor - ERROR - Request made to https://docs.python.org/release/1.5.1p1/tut/module.html failed with error code - 404
2016-10-02 19:47:05,819 - webmonitor - INFO - Checking for http://domaindoesnoexit.qa/foobar
2016-10-02 19:47:05,835 - webmonitor - ERROR - Request made to http://domaindoesnoexit.qa/foobar failed - Connection Error
2016-10-02 19:48:05,845 - webmonitor - INFO - Checking for https://wiki.python.org/moin/ConfigParserExamples
2016-10-02 19:48:07,154 - webmonitor - INFO - Request made to https://wiki.python.org/moin/ConfigParserExamples completed in 0:00:01.303000 time - 'Basic configparser usage' was found
2016-10-02 19:48:07,154 - webmonitor - INFO - Checking for https://docs.python.org/release/1.5.1p1/tut/strings.html
2016-10-02 19:48:08,687 - webmonitor - ERROR - Request made to https://docs.python.org/release/1.5.1p1/tut/strings.html completed in 0:00:01.518000 time - '3.1.3 Strings' was *not* found
2016-10-02 19:48:08,687 - webmonitor - INFO - Checking for https://docs.python.org/release/1.5.1p1/tut/module.html
2016-10-02 19:48:10,266 - webmonitor - ERROR - Request made to https://docs.python.org/release/1.5.1p1/tut/module.html failed with error code - 404
2016-10-02 19:48:10,266 - webmonitor - INFO - Checking for http://domaindoesnoexit.qa/foobar
2016-10-02 19:48:10,266 - webmonitor - ERROR - Request made to http://domaindoesnoexit.qa/foobar failed - Connection Error
